<?xml version="1.0" encoding="UTF-8"?>
<!-- Generated by org.testng.reporters.JUnitReportReporter -->
<testsuite name="Exam.day2" tests="2" time="0.008" ignored="0" failures="0" timestamp="05 Dec 2020 17:54:25 GMT" skipped="0" hostname="LAPTOP-P23OILEH" errors="0">
  <testcase name="hLoan" time="0.005" classname="Exam.day2"/>
  <testcase name="pLoan" time="0.003" classname="Exam.day2"/>
</testsuite> <!-- Exam.day2 -->
