<?xml version="1.0" encoding="UTF-8"?>
<!-- Generated by org.testng.reporters.JUnitReportReporter -->
<testsuite name="Exam.day1" tests="6" time="0.026" ignored="0" failures="0" timestamp="05 Dec 2020 17:54:25 GMT" skipped="0" hostname="LAPTOP-P23OILEH" errors="0">
  <testcase name="zooemo" time="0.013" classname="Exam.day1"/>
  <testcase name="demo" time="0.002" classname="Exam.day1"/>
  <testcase name="secondTest" time="0.002" classname="Exam.day1"/>
  <testcase name="accountDemands" time="0.002" classname="Exam.day1"/>
  <testcase name="arik" time="0.004" classname="Exam.day1"/>
  <testcase name="beta" time="0.003" classname="Exam.day1"/>
</testsuite> <!-- Exam.day1 -->
