<?xml version="1.0" encoding="UTF-8"?>
<!-- Generated by org.testng.reporters.JUnitReportReporter -->
<testsuite name="Exam.day3" tests="7" time="0.071" ignored="0" failures="0" timestamp="05 Dec 2020 17:54:25 GMT" skipped="0" hostname="LAPTOP-P23OILEH" errors="0">
  <testcase name="mobileSigninApiCarLoan" time="0.002" classname="Exam.day3"/>
  <testcase name="beforeClass" time="0.050" classname="Exam.day3"/>
  <testcase name="mobileAncoutApiCarLoan" time="0.001" classname="Exam.day3"/>
  <testcase name="mobileLoginCarLoan" time="0.004" classname="Exam.day3"/>
  <testcase name="mobileSigninApiCarLoan" time="0.006" classname="Exam.day3"/>
  <testcase name="webLoginCarLoan" time="0.002" classname="Exam.day3"/>
  <testcase name="mobileSigninApiCarLoan" time="0.006" classname="Exam.day3"/>
</testsuite> <!-- Exam.day3 -->
